[INFO] Scanning for projects...
[INFO] ------------------------------------------------------------------------
[INFO] Reactor Build Order:
[INFO] 
[INFO] es4x-generator                                                     [pom]
[INFO] vertx-core                                                         [jar]
[INFO] vertx-amqp-bridge                                                  [jar]
[INFO] vertx-auth-common                                                  [jar]
[INFO] vertx-auth-htdigest                                                [jar]
[INFO] vertx-auth-htpasswd                                                [jar]
[INFO] vertx-auth-jdbc                                                    [jar]
[INFO] vertx-auth-jwt                                                     [jar]
[INFO] vertx-auth-mongo                                                   [jar]
[INFO] vertx-auth-oauth2                                                  [jar]
[INFO] vertx-auth-shiro                                                   [jar]
[INFO] vertx-bridge-common                                                [jar]
[INFO] vertx-cassandra-client                                             [jar]
[INFO] vertx-circuit-breaker                                              [jar]
[INFO] vertx-config                                                       [jar]
[INFO] vertx-config-consul                                                [jar]
[INFO] vertx-config-git                                                   [jar]
[INFO] vertx-config-hocon                                                 [jar]
[INFO] vertx-config-kubernetes-configmap                                  [jar]
[INFO] vertx-config-redis                                                 [jar]
[INFO] vertx-config-spring-config-server                                  [jar]
[INFO] vertx-config-vault                                                 [jar]
[INFO] vertx-config-yaml                                                  [jar]
[INFO] vertx-config-zookeeper                                             [jar]
[INFO] vertx-consul-client                                                [jar]
[INFO] vertx-dropwizard-metrics                                           [jar]
[INFO] vertx-health-check                                                 [jar]
[INFO] vertx-jdbc-client                                                  [jar]
[INFO] vertx-jwt                                                          [jar]
[INFO] vertx-kafka-client                                                 [jar]
[INFO] vertx-mail-client                                                  [jar]
[INFO] vertx-micrometer-metrics                                           [jar]
[INFO] vertx-mongo-client                                                 [jar]
[INFO] vertx-mqtt                                                         [jar]
[INFO] vertx-mysql-postgresql-client                                      [jar]
[INFO] vertx-rabbitmq-client                                              [jar]
[INFO] vertx-redis-client                                                 [jar]
[INFO] vertx-service-discovery                                            [jar]
[INFO] vertx-service-discovery-backend-consul                             [jar]
[INFO] vertx-service-discovery-backend-redis                              [jar]
[INFO] vertx-service-discovery-backend-zookeeper                          [jar]
[INFO] vertx-service-discovery-bridge-consul                              [jar]
[INFO] vertx-service-discovery-bridge-docker                              [jar]
[INFO] vertx-service-discovery-bridge-docker-links                        [jar]
[INFO] vertx-service-discovery-bridge-kubernetes                          [jar]
[INFO] vertx-service-discovery-bridge-zookeeper                           [jar]
[INFO] vertx-service-proxy                                                [jar]
[INFO] vertx-shell                                                        [jar]
[INFO] vertx-sql-common                                                   [jar]
[INFO] vertx-stomp                                                        [jar]
[INFO] vertx-tcp-eventbus-bridge                                          [jar]
[INFO] vertx-unit                                                         [jar]
[INFO] vertx-web                                                          [jar]
[INFO] vertx-web-api-contract                                             [jar]
[INFO] vertx-web-client                                                   [jar]
[INFO] vertx-web-common                                                   [jar]
[INFO] vertx-web-graphql                                                  [jar]
[INFO] vertx-web-templ-freemarker                                         [jar]
[INFO] vertx-web-templ-handlebars                                         [jar]
[INFO] vertx-web-templ-jade                                               [jar]
[INFO] vertx-web-templ-mvel                                               [jar]
[INFO] vertx-web-templ-pebble                                             [jar]
[INFO] vertx-web-templ-rocker                                             [jar]
[INFO] vertx-web-templ-thymeleaf                                          [jar]
[INFO] vertx-sql-client                                                   [jar]
[INFO] vertx-pg-client                                                    [jar]
[INFO] vertx-mysql-client                                                 [jar]
[INFO] es4x-vertx-stack                                                   [jar]
[INFO] elasticsearch-client                                               [jar]
[INFO] 
[INFO] -----------------< io.reactiverse.es4x:es4x-generator >-----------------
[INFO] Building es4x-generator 0.10.2-SNAPSHOT                           [1/69]
[INFO] --------------------------------[ pom ]---------------------------------
[INFO] 
[INFO] --- maven-clean-plugin:2.5:clean (default-clean) @ es4x-generator ---
[INFO] 
[INFO] --- maven-enforcer-plugin:1.4.1:enforce (enforce-maven) @ es4x-generator ---
[INFO] 
[INFO] --- properties-maven-plugin:1.0.0:set-system-properties (default) @ es4x-generator ---
[INFO] Set 6 system properties
[INFO] 
[INFO] --- maven-dependency-plugin:3.1.1:unpack-dependencies (unpack-sources) @ es4x-generator ---
[INFO] 
[INFO] --- maven-processor-plugin:3.3.3:process (generate-api) @ es4x-generator ---
[INFO] 
[INFO] --- maven-resources-plugin:3.1.0:copy-resources (copy-extras) @ es4x-generator ---
[INFO] Using 'UTF-8' encoding to copy filtered resources.
[INFO] skip non existing resourceDirectory /home/paulo/Projects/reactiverse/es4x/generator/extra
[INFO] 
[INFO] --- maven-resources-plugin:3.1.0:copy-resources (copy-asciidoc-override) @ es4x-generator ---
[INFO] Using 'UTF-8' encoding to copy filtered resources.
[INFO] skip non existing resourceDirectory /home/paulo/Projects/reactiverse/es4x/generator/target/sources/es4x-generator/override
[INFO] 
[INFO] --- exec-maven-plugin:1.6.0:exec (typedoc) @ es4x-generator ---
[INFO] skipping execute as per configuration
[INFO] 
[INFO] --- exec-maven-plugin:1.6.0:exec (adoc2md) @ es4x-generator ---
[INFO] skipping execute as per configuration
[INFO] 
[INFO] -------------------< io.reactiverse.es4x:vertx-core >-------------------
[INFO] Building vertx-core 0.10.2-SNAPSHOT                               [2/69]
[INFO] --------------------------------[ jar ]---------------------------------
[INFO] 
[INFO] --- maven-clean-plugin:2.5:clean (default-clean) @ vertx-core ---
[INFO] Deleting /home/paulo/Projects/reactiverse/es4x/generator/io.vertx/vertx-core/target
[INFO] 
[INFO] --- maven-enforcer-plugin:1.4.1:enforce (enforce-maven) @ vertx-core ---
[INFO] 
[INFO] --- properties-maven-plugin:1.0.0:set-system-properties (default) @ vertx-core ---
[INFO] Set 6 system properties
[INFO] 
[INFO] --- maven-dependency-plugin:3.1.1:unpack-dependencies (unpack-sources) @ vertx-core ---
[INFO] Unpacking /home/paulo/.m2/repository/io/vertx/vertx-core/3.8.5/vertx-core-3.8.5-sources.jar to /home/paulo/Projects/reactiverse/es4x/generator/io.vertx/vertx-core/target/sources/vertx-core with includes "**/*.java,**/*.adoc" and excludes "**/groovy/**/*.*,**/rxjava/**/*.*,**/reactivex/**/*.*"
[INFO] 
[INFO] --- maven-processor-plugin:3.3.3:process (generate-api) @ vertx-core ---
